<?xml version="1.0" encoding="UTF-8"?>
<testsuite xmlns:xsi="http://www.w3.org/2001/XMLSchema-instance" xsi:noNamespaceSchemaLocation="https://maven.apache.org/surefire/maven-surefire-plugin/xsd/surefire-test-report.xsd" version="3.0.2" name="com.project.chat.repository.ConversationRepositoryTest" time="0.819" tests="1" errors="0" skipped="0" failures="0">
  <properties>
[...]
</properties>
  <testcase name="findBySessionSessionIdOrderByUpdatedAtDesc_ShouldReturnConversations" classname="com.project.chat.repository.ConversationRepositoryTest" time="0.326">
    <system-out><![CDATA[2026-06-26T19:10:40.027-03:00  INFO 22084 --- [chat-backend] [           main] t.c.s.AnnotationConfigContextLoaderUtils : Could not detect default configuration classes for test class [com.project.chat.repository.ConversationRepositoryTest]: ConversationRepositoryTest does not declare any static, non-private, non-final, nested classes annotated with @Configuration.
2026-06-26T19:10:40.058-03:00  INFO 22084 --- [chat-backend] [           main] .b.t.c.SpringBootTestContextBootstrapper : Found @SpringBootConfiguration com.project.chat.ChatApplication for test class com.project.chat.repository.ConversationRepositoryTest

  .   ____          _            __ _ _
 /\\ / ___'_ __ _ _(_)_ __  __ _ \ \ \ \
( ( )\___ | '_ | '_| | '_ \/ _` | \ \ \ \
 \\/  ___)| |_)| | | | | || (_| |  ) ) ) )
  '  |____| .__|_| |_|_| |_\__, | / / / /
 =========|_|==============|___/=/_/_/_/

 :: Spring Boot ::                (v3.4.5)

2026-06-26T19:10:40.103-03:00  INFO 22084 --- [chat-backend] [           main] c.p.c.r.ConversationRepositoryTest       : Starting ConversationRepositoryTest using Java 17.0.12 with PID 22084 (started by Gabriel in C:\Users\Gabriel\Desktop\SerraTec\Inteligencia Artificial\Trabalho Parte 1\API_IA\chat-backend)
2026-06-26T19:10:40.103-03:00 DEBUG 22084 --- [chat-backend] [           main] c.p.c.r.ConversationRepositoryTest       : Running with Spring Boot v3.4.5, Spring v6.2.6
2026-06-26T19:10:40.103-03:00  INFO 22084 --- [chat-backend] [           main] c.p.c.r.ConversationRepositoryTest       : The following 1 profile is active: "dev"
2026-06-26T19:10:40.226-03:00  INFO 22084 --- [chat-backend] [           main] .s.d.r.c.RepositoryConfigurationDelegate : Bootstrapping Spring Data JPA repositories in DEFAULT mode.
2026-06-26T19:10:40.249-03:00  INFO 22084 --- [chat-backend] [           main] .s.d.r.c.RepositoryConfigurationDelegate : Finished Spring Data repository scanning in 21 ms. Found 4 JPA repository interfaces.
2026-06-26T19:10:40.265-03:00  INFO 22084 --- [chat-backend] [           main] beddedDataSourceBeanFactoryPostProcessor : Replacing 'dataSource' DataSource bean with embedded version
2026-06-26T19:10:40.294-03:00  INFO 22084 --- [chat-backend] [           main] o.s.j.d.e.EmbeddedDatabaseFactory        : Starting embedded database: url='jdbc:h2:mem:f2f6e348-d1d5-4d3a-9949-ecb6f4ee0ce3;DB_CLOSE_DELAY=-1;DB_CLOSE_ON_EXIT=false', username='sa'
2026-06-26T19:10:40.325-03:00  INFO 22084 --- [chat-backend] [           main] o.hibernate.jpa.internal.util.LogHelper  : HHH000204: Processing PersistenceUnitInfo [name: default]
2026-06-26T19:10:40.331-03:00  INFO 22084 --- [chat-backend] [           main] o.h.c.internal.RegionFactoryInitiator    : HHH000026: Second-level cache disabled
2026-06-26T19:10:40.348-03:00  INFO 22084 --- [chat-backend] [           main] o.s.o.j.p.SpringPersistenceUnitInfo      : No LoadTimeWeaver setup: ignoring JPA class transformer
2026-06-26T19:10:40.351-03:00  WARN 22084 --- [chat-backend] [           main] org.hibernate.orm.deprecation            : HHH90000025: H2Dialect does not need to be specified explicitly using 'hibernate.dialect' (remove the property setting and it will be selected by default)
2026-06-26T19:10:40.352-03:00  INFO 22084 --- [chat-backend] [           main] org.hibernate.orm.connections.pooling    : HHH10001005: Database info:
	Database JDBC URL [Connecting through datasource 'org.springframework.jdbc.datasource.embedded.EmbeddedDatabaseFactory$EmbeddedDataSourceProxy@74037f9b']
	Database driver: undefined/unknown
	Database version: 2.3.232
	Autocommit mode: undefined/unknown
	Isolation level: undefined/unknown
	Minimum pool size: undefined/unknown
	Maximum pool size: undefined/unknown
2026-06-26T19:10:40.422-03:00  INFO 22084 --- [chat-backend] [           main] o.h.e.t.j.p.i.JtaPlatformInitiator       : HHH000489: No JTA platform available (set 'hibernate.transaction.jta.platform' to enable JTA platform integration)
Hibernate: 
    drop table if exists attachments cascade 
Hibernate: 
    drop table if exists conversations cascade 
Hibernate: 
    drop table if exists messages cascade 
Hibernate: 
    drop table if exists sessions cascade 
Hibernate: 
    create table attachments (
        file_size bigint not null,
        id bigint generated by default as identity,
        message_id bigint unique,
        uploaded_at timestamp(6) not null,
        storage_path varchar(512) not null,
        file_name varchar(255) not null,
        file_type varchar(255) not null,
        primary key (id)
    )
Hibernate: 
    create table conversations (
        active boolean not null,
        created_at timestamp(6) not null,
        id bigint generated by default as identity,
        session_id bigint not null,
        updated_at timestamp(6) not null,
        title varchar(255) not null,
        primary key (id)
    )
Hibernate: 
    create table messages (
        conversation_id bigint not null,
        id bigint generated by default as identity,
        timestamp timestamp(6) not null,
        content TEXT not null,
        role enum ('ASSISTANT','USER') not null,
        primary key (id)
    )
Hibernate: 
    create table sessions (
        expired boolean not null,
        created_at timestamp(6) not null,
        id bigint generated by default as identity,
        last_activity timestamp(6) not null,
        session_id varchar(36) not null unique,
        primary key (id)
    )
Hibernate: 
    alter table if exists attachments 
       add constraint FKcf4ta8qdkixetfy7wnqfv3vkv 
       foreign key (message_id) 
       references messages
Hibernate: 
    alter table if exists conversations 
       add constraint FKicdw4i54bc6amjvmflx6qm7bc 
       foreign key (session_id) 
       references sessions
Hibernate: 
    alter table if exists messages 
       add constraint FKt492th6wsovh1nush5yl5jj8e 
       foreign key (conversation_id) 
       references conversations
2026-06-26T19:10:40.434-03:00  INFO 22084 --- [chat-backend] [           main] j.LocalContainerEntityManagerFactoryBean : Initialized JPA EntityManagerFactory for persistence unit 'default'
2026-06-26T19:10:40.511-03:00  INFO 22084 --- [chat-backend] [           main] c.p.c.r.ConversationRepositoryTest       : Started ConversationRepositoryTest in 0.45 seconds (process running for 8.108)
Hibernate: 
    insert 
    into
        sessions
        (created_at, expired, last_activity, session_id, id) 
    values
        (?, ?, ?, ?, default)
Hibernate: 
    insert 
    into
        conversations
        (active, created_at, session_id, title, updated_at, id) 
    values
        (?, ?, ?, ?, ?, default)
Hibernate: 
    insert 
    into
        conversations
        (active, created_at, session_id, title, updated_at, id) 
    values
        (?, ?, ?, ?, ?, default)
Hibernate: 
    select
        c1_0.id,
        c1_0.active,
        c1_0.created_at,
        c1_0.session_id,
        c1_0.title,
        c1_0.updated_at 
    from
        conversations c1_0 
    left join
        sessions s1_0 
            on s1_0.id=c1_0.session_id 
    where
        s1_0.session_id=? 
    order by
        c1_0.updated_at desc
]]></system-out>
  </testcase>
</testsuite>